mode: set
github.com/wmeints/cartographer/api/v1alpha1/workspace_types.go:119.13,121.2 1 1
github.com/wmeints/cartographer/api/v1alpha1/workspace_webhook.go:31.69,35.2 1 1
github.com/wmeints/cartographer/api/v1alpha1/workspace_webhook.go:42.31,47.2 3 1
github.com/wmeints/cartographer/api/v1alpha1/workspace_webhook.go:49.41,50.45 1 1
github.com/wmeints/cartographer/api/v1alpha1/workspace_webhook.go:54.2,54.60 1 1
github.com/wmeints/cartographer/api/v1alpha1/workspace_webhook.go:61.2,61.62 1 1
github.com/wmeints/cartographer/api/v1alpha1/workspace_webhook.go:68.2,68.49 1 1
github.com/wmeints/cartographer/api/v1alpha1/workspace_webhook.go:72.2,74.56 2 1
github.com/wmeints/cartographer/api/v1alpha1/workspace_webhook.go:100.2,100.34 1 1
github.com/wmeints/cartographer/api/v1alpha1/workspace_webhook.go:50.45,52.3 1 1
github.com/wmeints/cartographer/api/v1alpha1/workspace_webhook.go:54.60,59.3 1 1
github.com/wmeints/cartographer/api/v1alpha1/workspace_webhook.go:61.62,66.3 1 1
github.com/wmeints/cartographer/api/v1alpha1/workspace_webhook.go:68.49,70.3 1 1
github.com/wmeints/cartographer/api/v1alpha1/workspace_webhook.go:74.56,75.32 1 1
github.com/wmeints/cartographer/api/v1alpha1/workspace_webhook.go:79.3,79.47 1 1
github.com/wmeints/cartographer/api/v1alpha1/workspace_webhook.go:86.3,86.49 1 1
github.com/wmeints/cartographer/api/v1alpha1/workspace_webhook.go:93.3,93.36 1 1
github.com/wmeints/cartographer/api/v1alpha1/workspace_webhook.go:97.3,97.41 1 1
github.com/wmeints/cartographer/api/v1alpha1/workspace_webhook.go:75.32,77.4 1 1
github.com/wmeints/cartographer/api/v1alpha1/workspace_webhook.go:79.47,84.4 1 1
github.com/wmeints/cartographer/api/v1alpha1/workspace_webhook.go:86.49,91.4 1 1
github.com/wmeints/cartographer/api/v1alpha1/workspace_webhook.go:93.36,95.4 1 0
github.com/wmeints/cartographer/api/v1alpha1/workspace_webhook.go:103.50,104.43 1 1
github.com/wmeints/cartographer/api/v1alpha1/workspace_webhook.go:108.2,108.47 1 1
github.com/wmeints/cartographer/api/v1alpha1/workspace_webhook.go:112.2,112.58 1 1
github.com/wmeints/cartographer/api/v1alpha1/workspace_webhook.go:119.2,119.60 1 1
github.com/wmeints/cartographer/api/v1alpha1/workspace_webhook.go:104.43,106.3 1 1
github.com/wmeints/cartographer/api/v1alpha1/workspace_webhook.go:108.47,110.3 1 1
github.com/wmeints/cartographer/api/v1alpha1/workspace_webhook.go:112.58,117.3 1 1
github.com/wmeints/cartographer/api/v1alpha1/workspace_webhook.go:119.60,124.3 1 1
github.com/wmeints/cartographer/api/v1alpha1/zz_generated.deepcopy.go:29.95,31.24 2 0
github.com/wmeints/cartographer/api/v1alpha1/zz_generated.deepcopy.go:36.2,36.43 1 0
github.com/wmeints/cartographer/api/v1alpha1/zz_generated.deepcopy.go:31.24,35.3 3 0
github.com/wmeints/cartographer/api/v1alpha1/zz_generated.deepcopy.go:40.88,41.15 1 0
github.com/wmeints/cartographer/api/v1alpha1/zz_generated.deepcopy.go:44.2,46.12 3 0
github.com/wmeints/cartographer/api/v1alpha1/zz_generated.deepcopy.go:41.15,43.3 1 0
github.com/wmeints/cartographer/api/v1alpha1/zz_generated.deepcopy.go:50.75,52.24 2 0
github.com/wmeints/cartographer/api/v1alpha1/zz_generated.deepcopy.go:57.2,57.43 1 0
github.com/wmeints/cartographer/api/v1alpha1/zz_generated.deepcopy.go:52.24,56.3 3 0
github.com/wmeints/cartographer/api/v1alpha1/zz_generated.deepcopy.go:61.68,62.15 1 0
github.com/wmeints/cartographer/api/v1alpha1/zz_generated.deepcopy.go:65.2,67.12 3 0
github.com/wmeints/cartographer/api/v1alpha1/zz_generated.deepcopy.go:62.15,64.3 1 0
github.com/wmeints/cartographer/api/v1alpha1/zz_generated.deepcopy.go:71.75,74.22 3 0
github.com/wmeints/cartographer/api/v1alpha1/zz_generated.deepcopy.go:74.22,77.22 3 0
github.com/wmeints/cartographer/api/v1alpha1/zz_generated.deepcopy.go:77.22,79.4 1 0
github.com/wmeints/cartographer/api/v1alpha1/zz_generated.deepcopy.go:84.68,85.15 1 0
github.com/wmeints/cartographer/api/v1alpha1/zz_generated.deepcopy.go:88.2,90.12 3 0
github.com/wmeints/cartographer/api/v1alpha1/zz_generated.deepcopy.go:85.15,87.3 1 0
github.com/wmeints/cartographer/api/v1alpha1/zz_generated.deepcopy.go:94.77,96.24 2 0
github.com/wmeints/cartographer/api/v1alpha1/zz_generated.deepcopy.go:101.2,101.43 1 0
github.com/wmeints/cartographer/api/v1alpha1/zz_generated.deepcopy.go:96.24,100.3 3 0
github.com/wmeints/cartographer/api/v1alpha1/zz_generated.deepcopy.go:105.70,106.15 1 0
github.com/wmeints/cartographer/api/v1alpha1/zz_generated.deepcopy.go:109.2,111.12 3 0
github.com/wmeints/cartographer/api/v1alpha1/zz_generated.deepcopy.go:106.15,108.3 1 0
github.com/wmeints/cartographer/api/v1alpha1/zz_generated.deepcopy.go:115.51,121.2 5 0
github.com/wmeints/cartographer/api/v1alpha1/zz_generated.deepcopy.go:124.44,125.15 1 0
github.com/wmeints/cartographer/api/v1alpha1/zz_generated.deepcopy.go:128.2,130.12 3 0
github.com/wmeints/cartographer/api/v1alpha1/zz_generated.deepcopy.go:125.15,127.3 1 0
github.com/wmeints/cartographer/api/v1alpha1/zz_generated.deepcopy.go:134.54,135.34 1 0
github.com/wmeints/cartographer/api/v1alpha1/zz_generated.deepcopy.go:138.2,138.12 1 0
github.com/wmeints/cartographer/api/v1alpha1/zz_generated.deepcopy.go:135.34,137.3 1 0
github.com/wmeints/cartographer/api/v1alpha1/zz_generated.deepcopy.go:142.59,146.21 4 0
github.com/wmeints/cartographer/api/v1alpha1/zz_generated.deepcopy.go:146.21,149.22 3 0
github.com/wmeints/cartographer/api/v1alpha1/zz_generated.deepcopy.go:149.22,151.4 1 0
github.com/wmeints/cartographer/api/v1alpha1/zz_generated.deepcopy.go:156.52,157.15 1 0
github.com/wmeints/cartographer/api/v1alpha1/zz_generated.deepcopy.go:160.2,162.12 3 0
github.com/wmeints/cartographer/api/v1alpha1/zz_generated.deepcopy.go:157.15,159.3 1 0
github.com/wmeints/cartographer/api/v1alpha1/zz_generated.deepcopy.go:166.58,167.34 1 0
github.com/wmeints/cartographer/api/v1alpha1/zz_generated.deepcopy.go:170.2,170.12 1 0
github.com/wmeints/cartographer/api/v1alpha1/zz_generated.deepcopy.go:167.34,169.3 1 0
github.com/wmeints/cartographer/api/v1alpha1/zz_generated.deepcopy.go:174.59,178.2 3 0
github.com/wmeints/cartographer/api/v1alpha1/zz_generated.deepcopy.go:181.52,182.15 1 0
github.com/wmeints/cartographer/api/v1alpha1/zz_generated.deepcopy.go:185.2,187.12 3 0
github.com/wmeints/cartographer/api/v1alpha1/zz_generated.deepcopy.go:182.15,184.3 1 0
github.com/wmeints/cartographer/api/v1alpha1/zz_generated.deepcopy.go:191.63,193.2 1 0
github.com/wmeints/cartographer/api/v1alpha1/zz_generated.deepcopy.go:196.56,197.15 1 0
github.com/wmeints/cartographer/api/v1alpha1/zz_generated.deepcopy.go:200.2,202.12 3 0
github.com/wmeints/cartographer/api/v1alpha1/zz_generated.deepcopy.go:197.15,199.3 1 0
github.com/wmeints/cartographer/controllers/controller.go:48.101,53.66 3 1
github.com/wmeints/cartographer/controllers/controller.go:61.2,61.70 1 1
github.com/wmeints/cartographer/controllers/controller.go:65.2,65.66 1 1
github.com/wmeints/cartographer/controllers/controller.go:69.2,69.27 1 1
github.com/wmeints/cartographer/controllers/controller.go:53.66,59.3 2 0
github.com/wmeints/cartographer/controllers/controller.go:61.70,63.3 1 0
github.com/wmeints/cartographer/controllers/controller.go:65.66,67.3 1 0
github.com/wmeints/cartographer/controllers/controller.go:73.72,77.2 1 1
github.com/wmeints/cartographer/controllers/experimenttracking.go:19.122,20.80 1 1
github.com/wmeints/cartographer/controllers/experimenttracking.go:24.2,24.77 1 1
github.com/wmeints/cartographer/controllers/experimenttracking.go:28.2,28.12 1 1
github.com/wmeints/cartographer/controllers/experimenttracking.go:20.80,22.3 1 0
github.com/wmeints/cartographer/controllers/experimenttracking.go:24.77,26.3 1 0
github.com/wmeints/cartographer/controllers/experimenttracking.go:31.132,39.128 5 1
github.com/wmeints/cartographer/controllers/experimenttracking.go:112.2,112.12 1 0
github.com/wmeints/cartographer/controllers/experimenttracking.go:39.128,40.29 1 1
github.com/wmeints/cartographer/controllers/experimenttracking.go:79.3,81.49 2 0
github.com/wmeints/cartographer/controllers/experimenttracking.go:86.3,86.55 1 0
github.com/wmeints/cartographer/controllers/experimenttracking.go:91.3,91.55 1 0
github.com/wmeints/cartographer/controllers/experimenttracking.go:96.3,96.57 1 0
github.com/wmeints/cartographer/controllers/experimenttracking.go:101.3,101.24 1 0
github.com/wmeints/cartographer/controllers/experimenttracking.go:108.3,109.13 2 0
github.com/wmeints/cartographer/controllers/experimenttracking.go:40.29,66.87 6 1
github.com/wmeints/cartographer/controllers/experimenttracking.go:71.4,71.52 1 1
github.com/wmeints/cartographer/controllers/experimenttracking.go:76.4,76.14 1 1
github.com/wmeints/cartographer/controllers/experimenttracking.go:66.87,69.5 2 0
github.com/wmeints/cartographer/controllers/experimenttracking.go:71.52,74.5 2 0
github.com/wmeints/cartographer/controllers/experimenttracking.go:81.49,84.4 2 0
github.com/wmeints/cartographer/controllers/experimenttracking.go:86.55,89.4 2 0
github.com/wmeints/cartographer/controllers/experimenttracking.go:91.55,94.4 2 0
github.com/wmeints/cartographer/controllers/experimenttracking.go:96.57,99.4 2 0
github.com/wmeints/cartographer/controllers/experimenttracking.go:101.24,102.52 1 0
github.com/wmeints/cartographer/controllers/experimenttracking.go:102.52,105.5 2 0
github.com/wmeints/cartographer/controllers/experimenttracking.go:115.129,123.122 5 1
github.com/wmeints/cartographer/controllers/experimenttracking.go:160.2,160.12 1 0
github.com/wmeints/cartographer/controllers/experimenttracking.go:123.122,124.29 1 1
github.com/wmeints/cartographer/controllers/experimenttracking.go:157.3,157.13 1 0
github.com/wmeints/cartographer/controllers/experimenttracking.go:124.29,144.84 2 1
github.com/wmeints/cartographer/controllers/experimenttracking.go:149.4,149.49 1 1
github.com/wmeints/cartographer/controllers/experimenttracking.go:154.4,154.14 1 1
github.com/wmeints/cartographer/controllers/experimenttracking.go:144.84,147.5 2 0
github.com/wmeints/cartographer/controllers/experimenttracking.go:149.49,152.5 2 0
github.com/wmeints/cartographer/controllers/experimenttracking.go:163.98,165.2 1 0
github.com/wmeints/cartographer/controllers/experimenttracking.go:167.104,169.2 1 0
github.com/wmeints/cartographer/controllers/experimenttracking.go:171.104,173.2 1 0
github.com/wmeints/cartographer/controllers/experimenttracking.go:175.106,177.2 1 0
github.com/wmeints/cartographer/controllers/utils.go:10.74,57.2 1 1
github.com/wmeints/cartographer/controllers/utils.go:59.101,64.2 1 1
github.com/wmeints/cartographer/controllers/utils.go:66.102,73.2 1 1
github.com/wmeints/cartographer/controllers/utils.go:75.165,99.2 1 1
github.com/wmeints/cartographer/controllers/utils.go:101.169,125.2 1 1
github.com/wmeints/cartographer/controllers/utils.go:127.97,138.2 1 1
github.com/wmeints/cartographer/controllers/workflows.go:18.118,23.84 2 1
github.com/wmeints/cartographer/controllers/workflows.go:27.2,27.81 1 1
github.com/wmeints/cartographer/controllers/workflows.go:31.2,31.74 1 1
github.com/wmeints/cartographer/controllers/workflows.go:35.2,35.12 1 1
github.com/wmeints/cartographer/controllers/workflows.go:23.84,25.3 1 0
github.com/wmeints/cartographer/controllers/workflows.go:27.81,29.3 1 0
github.com/wmeints/cartographer/controllers/workflows.go:31.74,33.3 1 0
github.com/wmeints/cartographer/controllers/workflows.go:38.148,42.128 3 1
github.com/wmeints/cartographer/controllers/workflows.go:51.2,51.77 1 0
github.com/wmeints/cartographer/controllers/workflows.go:42.128,43.29 1 1
github.com/wmeints/cartographer/controllers/workflows.go:47.3,48.13 2 0
github.com/wmeints/cartographer/controllers/workflows.go:43.29,45.4 1 1
github.com/wmeints/cartographer/controllers/workflows.go:54.176,58.50 3 0
github.com/wmeints/cartographer/controllers/workflows.go:63.2,63.12 1 0
github.com/wmeints/cartographer/controllers/workflows.go:58.50,61.3 2 0
github.com/wmeints/cartographer/controllers/workflows.go:66.145,69.85 2 1
github.com/wmeints/cartographer/controllers/workflows.go:74.2,74.50 1 1
github.com/wmeints/cartographer/controllers/workflows.go:79.2,79.12 1 1
github.com/wmeints/cartographer/controllers/workflows.go:69.85,72.3 2 0
github.com/wmeints/cartographer/controllers/workflows.go:74.50,77.3 2 0
github.com/wmeints/cartographer/controllers/workflows.go:82.145,88.122 4 1
github.com/wmeints/cartographer/controllers/workflows.go:118.2,118.12 1 0
github.com/wmeints/cartographer/controllers/workflows.go:88.122,89.29 1 1
github.com/wmeints/cartographer/controllers/workflows.go:114.3,115.13 2 0
github.com/wmeints/cartographer/controllers/workflows.go:89.29,101.84 3 1
github.com/wmeints/cartographer/controllers/workflows.go:106.4,106.49 1 1
github.com/wmeints/cartographer/controllers/workflows.go:111.4,111.14 1 1
github.com/wmeints/cartographer/controllers/workflows.go:101.84,104.5 2 0
github.com/wmeints/cartographer/controllers/workflows.go:106.49,109.5 2 0
github.com/wmeints/cartographer/controllers/workflows.go:121.138,122.64 1 1
github.com/wmeints/cartographer/controllers/workflows.go:140.2,140.12 1 0
github.com/wmeints/cartographer/controllers/workflows.go:122.64,126.131 3 1
github.com/wmeints/cartographer/controllers/workflows.go:135.3,135.92 1 0
github.com/wmeints/cartographer/controllers/workflows.go:126.131,127.30 1 1
github.com/wmeints/cartographer/controllers/workflows.go:131.4,132.14 2 0
github.com/wmeints/cartographer/controllers/workflows.go:127.30,129.5 1 1
github.com/wmeints/cartographer/controllers/workflows.go:135.92,137.4 1 0
github.com/wmeints/cartographer/controllers/workflows.go:143.186,146.59 2 0
github.com/wmeints/cartographer/controllers/workflows.go:151.2,151.79 1 0
github.com/wmeints/cartographer/controllers/workflows.go:156.2,156.24 1 0
github.com/wmeints/cartographer/controllers/workflows.go:163.2,163.12 1 0
github.com/wmeints/cartographer/controllers/workflows.go:146.59,149.3 2 0
github.com/wmeints/cartographer/controllers/workflows.go:151.79,154.3 2 0
github.com/wmeints/cartographer/controllers/workflows.go:156.24,157.52 1 0
github.com/wmeints/cartographer/controllers/workflows.go:157.52,160.4 2 0
github.com/wmeints/cartographer/controllers/workflows.go:166.190,186.86 7 1
github.com/wmeints/cartographer/controllers/workflows.go:191.2,191.51 1 1
github.com/wmeints/cartographer/controllers/workflows.go:196.2,196.12 1 1
github.com/wmeints/cartographer/controllers/workflows.go:186.86,189.3 2 0
github.com/wmeints/cartographer/controllers/workflows.go:191.51,194.3 2 0
github.com/wmeints/cartographer/controllers/workflows.go:199.89,236.2 8 1
